Using pre-set license
Built from '2020.3/staging' branch; Version is '2020.3.19f1 (68f137dc9bbe) revision 6877495'; Using compiler version '192528614'; Build Type 'Release'
OS: 'Windows 10 Pro; OS build 19042.1466; Version 2009; 64bit' Language: 'tr' Physical Memory: 16315 MB
BatchMode: 1, IsHumanControllingUs: 0, StartBugReporterOnCrash: 0, Is64bit: 1, IsPro: 0

COMMAND LINE ARGUMENTS:
C:\Program Files\Unity\Hub\Editor\2020.3.19f1\Editor\Unity.exe
-adb2
-batchMode
-noUpm
-name
AssetImportWorker0
-projectPath
C:/Users/User/Desktop/Games/SlenderRemake
-logFile
Logs/AssetImportWorker0.log
-srvPort
52247
Successfully changed project path to: C:/Users/User/Desktop/Games/SlenderRemake
C:/Users/User/Desktop/Games/SlenderRemake
Using Asset Import Pipeline V2.
Refreshing native plugins compatible for Editor in 37.22 ms, found 2 plugins.
Preloading 0 native plugins for Editor in 0.00 ms.
Initialize engine version: 2020.3.19f1 (68f137dc9bbe)
[Subsystems] Discovering subsystems at path C:/Program Files/Unity/Hub/Editor/2020.3.19f1/Editor/Data/Resources/UnitySubsystems
[Subsystems] Discovering subsystems at path C:/Users/User/Desktop/Games/SlenderRemake/Assets
GfxDevice: creating device client; threaded=0
Direct3D:
    Version:  Direct3D 11.0 [level 11.1]
    Renderer: NVIDIA GeForce RTX 2060 (ID=0x1f08)
    Vendor:   
    VRAM:     5980 MB
    Driver:   30.0.14.9729
Initialize mono
Mono path[0] = 'C:/Program Files/Unity/Hub/Editor/2020.3.19f1/Editor/Data/Managed'
Mono path[1] = 'C:/Program Files/Unity/Hub/Editor/2020.3.19f1/Editor/Data/MonoBleedingEdge/lib/mono/unityjit'
Mono config path = 'C:/Program Files/Unity/Hub/Editor/2020.3.19f1/Editor/Data/MonoBleedingEdge/etc'
Using monoOptions --debugger-agent=transport=dt_socket,embedding=1,server=y,suspend=n,address=127.0.0.1:56708
Begin MonoManager ReloadAssembly
Registering precompiled unity dll's ...
Register platform support module: C:/Program Files/Unity/Hub/Editor/2020.3.19f1/Editor/Data/PlaybackEngines/WindowsStandaloneSupport/UnityEditor.WindowsStandalone.Extensions.dll
Registered in 0.002528 seconds.
Native extension for WindowsStandalone target not found
Refreshing native plugins compatible for Editor in 36.93 ms, found 2 plugins.
Preloading 0 native plugins for Editor in 0.00 ms.
Mono: successfully reloaded assembly
- Completed reload, in  2.476 seconds
Domain Reload Profiling:
	ReloadAssembly (2476ms)
		BeginReloadAssembly (58ms)
			ExecutionOrderSort (0ms)
			DisableScriptedObjects (0ms)
			BackupInstance (0ms)
			ReleaseScriptingObjects (0ms)
			CreateAndSetChildDomain (1ms)
		EndReloadAssembly (455ms)
			LoadAssemblies (55ms)
			RebuildTransferFunctionScriptingTraits (0ms)
			SetupTypeCache (158ms)
			ReleaseScriptCaches (0ms)
			RebuildScriptCaches (31ms)
			SetupLoadedEditorAssemblies (172ms)
				LogAssemblyErrors (0ms)
				InitializePlatformSupportModulesInManaged (6ms)
				SetLoadedEditorAssemblies (0ms)
				RefreshPlugins (37ms)
				BeforeProcessingInitializeOnLoad (16ms)
				ProcessInitializeOnLoadAttributes (83ms)
				ProcessInitializeOnLoadMethodAttributes (29ms)
				AfterProcessingInitializeOnLoad (0ms)
				EditorAssembliesLoaded (0ms)
			ExecutionOrderSort2 (0ms)
			AwakeInstancesAfterBackupRestoration (0ms)
Platform modules already initialized, skipping
Registering precompiled user dll's ...
Registered in 0.004638 seconds.
Begin MonoManager ReloadAssembly
Native extension for WindowsStandalone target not found
Refreshing native plugins compatible for Editor in 0.42 ms, found 2 plugins.
Preloading 0 native plugins for Editor in 0.00 ms.
Mono: successfully reloaded assembly
- Completed reload, in  1.119 seconds
Domain Reload Profiling:
	ReloadAssembly (1120ms)
		BeginReloadAssembly (151ms)
			ExecutionOrderSort (0ms)
			DisableScriptedObjects (5ms)
			BackupInstance (0ms)
			ReleaseScriptingObjects (0ms)
			CreateAndSetChildDomain (18ms)
		EndReloadAssembly (899ms)
			LoadAssemblies (96ms)
			RebuildTransferFunctionScriptingTraits (0ms)
			SetupTypeCache (320ms)
			ReleaseScriptCaches (0ms)
			RebuildScriptCaches (48ms)
			SetupLoadedEditorAssemblies (335ms)
				LogAssemblyErrors (0ms)
				InitializePlatformSupportModulesInManaged (5ms)
				SetLoadedEditorAssemblies (0ms)
				RefreshPlugins (0ms)
				BeforeProcessingInitializeOnLoad (84ms)
				ProcessInitializeOnLoadAttributes (233ms)
				ProcessInitializeOnLoadMethodAttributes (4ms)
				AfterProcessingInitializeOnLoad (8ms)
				EditorAssembliesLoaded (0ms)
			ExecutionOrderSort2 (0ms)
			AwakeInstancesAfterBackupRestoration (7ms)
Platform modules already initialized, skipping
========================================================================
Worker process is ready to serve import requests
Launched and connected shader compiler UnityShaderCompiler.exe after 0.08 seconds
Refreshing native plugins compatible for Editor in 0.53 ms, found 2 plugins.
Preloading 0 native plugins for Editor in 0.00 ms.
Unloading 1750 Unused Serialized files (Serialized files now loaded: 0)
System memory in use before: 76.9 MB.
System memory in use after: 77.0 MB.

Unloading 21 unused Assets to reduce memory usage. Loaded Objects now: 2187.
Total: 3.024600 ms (FindLiveObjects: 0.199900 ms CreateObjectMapping: 0.040100 ms MarkObjects: 2.710400 ms  DeleteObjects: 0.073100 ms)

AssetImportParameters requested are different than current active one (requested -> active):
  custom:framework-win-MediaFoundation: 216162199b28c13a410421893ffa2e32 -> 
  custom:video-decoder-ogg-theora: a1e56fd34408186e4bbccfd4996cb3dc -> 
  custom:container-muxer-webm: aa71ff27fc2769a1b78a27578f13a17b -> 
  custom:container-demuxer-webm: 4f35f7cbe854078d1ac9338744f61a02 -> 
  custom:container-demuxer-ogg: 62fdf1f143b41e24485cea50d1cbac27 -> 
  custom:video-encoder-webm-vp8: eb34c28f22e8b96e1ab97ce403110664 -> 
  custom:video-decoder-webm-vp8: 9c59270c3fd7afecdb556c50c9e8de78 -> 
  custom:audio-decoder-ogg-vorbis: bf7c407c2cedff20999df2af8eb42d56 -> 
  custom:audio-encoder-webm-vorbis: bf7c407c2cedff20999df2af8eb42d56 -> 
========================================================================
Received Import Request.
  path: Assets/Models
  artifactKey: Guid(e47fe356d1315544f9e7f6a9b0980772) Importer(815301076,1909f56bfc062723c751e8b465ee728b)
Start importing Assets/Models using Guid(e47fe356d1315544f9e7f6a9b0980772) Importer(815301076,1909f56bfc062723c751e8b465ee728b)  -> (artifact id: '3d6de8d8bdd36d772a9b555557ac6b0d') in 0.011788 seconds 
  Import took 0.014996 seconds .

========================================================================
Received Import Request.
  Time since last request: 1.202343 seconds.
  path: Assets/Sprites
  artifactKey: Guid(e8670f24052f9e347b1db0a565adf014) Importer(815301076,1909f56bfc062723c751e8b465ee728b)
Start importing Assets/Sprites using Guid(e8670f24052f9e347b1db0a565adf014) Importer(815301076,1909f56bfc062723c751e8b465ee728b)  -> (artifact id: '85ecc186c6681210164167d42ca17e34') in 0.007307 seconds 
  Import took 0.010134 seconds .

========================================================================
Received Import Request.
  Time since last request: 0.412478 seconds.
  path: Assets/stickman_1.fbx
  artifactKey: Guid(e184ffab5a850394697ec38396621f36) Importer(815301076,1909f56bfc062723c751e8b465ee728b)
Start importing Assets/stickman_1.fbx using Guid(e184ffab5a850394697ec38396621f36) Importer(815301076,1909f56bfc062723c751e8b465ee728b)  -> (artifact id: '1c74adbc4dd792854bd16aa5486667f9') in 0.215314 seconds 
  Import took 0.218404 seconds .

========================================================================
Received Import Request.
  Time since last request: 0.377664 seconds.
  path: Assets/stickman_7.fbx
  artifactKey: Guid(a2c5d30a9cb55724191bf396afd21ee4) Importer(815301076,1909f56bfc062723c751e8b465ee728b)
Start importing Assets/stickman_7.fbx using Guid(a2c5d30a9cb55724191bf396afd21ee4) Importer(815301076,1909f56bfc062723c751e8b465ee728b)  -> (artifact id: 'ad0c8524602c800892835c3b847312fa') in 0.033547 seconds 
  Import took 0.036809 seconds .

========================================================================
Received Import Request.
  Time since last request: 59.020845 seconds.
  path: Assets/Models/slender_run_palette.psd
  artifactKey: Guid(a3de56eaea8d290408b59effbf6e24c2) Importer(815301076,1909f56bfc062723c751e8b465ee728b)
Start importing Assets/Models/slender_run_palette.psd using Guid(a3de56eaea8d290408b59effbf6e24c2) Importer(815301076,1909f56bfc062723c751e8b465ee728b)  -> (artifact id: '48907afe641952b2563c86d6558de241') in 0.024561 seconds 
  Import took 0.027770 seconds .

========================================================================
Received Import Request.
  Time since last request: 84.569521 seconds.
  path: Assets/Models/stickman_2.fbx
  artifactKey: Guid(0e0996fc05d76b543bc77557b7c3f772) Importer(815301076,1909f56bfc062723c751e8b465ee728b)
Start importing Assets/Models/stickman_2.fbx using Guid(0e0996fc05d76b543bc77557b7c3f772) Importer(815301076,1909f56bfc062723c751e8b465ee728b)  -> (artifact id: 'd4b09aee3575c97f303fd7d23f54d081') in 0.034124 seconds 
  Import took 0.037456 seconds .

========================================================================
Received Import Request.
  Time since last request: 78.394682 seconds.
  path: Assets/Models/happy_face_texture.png
  artifactKey: Guid(cce8fbb78dd4e654c85ca07709e91068) Importer(815301076,1909f56bfc062723c751e8b465ee728b)
Start importing Assets/Models/happy_face_texture.png using Guid(cce8fbb78dd4e654c85ca07709e91068) Importer(815301076,1909f56bfc062723c751e8b465ee728b)  -> (artifact id: '0055fd22f37d9ab8bceb111159d4e8e2') in 0.027825 seconds 
  Import took 0.030844 seconds .

========================================================================
Received Import Request.
  Time since last request: 17.000294 seconds.
  path: Assets/Models/stickman_1.fbx
  artifactKey: Guid(e184ffab5a850394697ec38396621f36) Importer(815301076,1909f56bfc062723c751e8b465ee728b)
Start importing Assets/Models/stickman_1.fbx using Guid(e184ffab5a850394697ec38396621f36) Importer(815301076,1909f56bfc062723c751e8b465ee728b)  -> (artifact id: '4cc5b10bd17bb892d9ba19a776800701') in 0.044553 seconds 
  Import took 0.047935 seconds .

========================================================================
Received Import Request.
  Time since last request: 42.731313 seconds.
  path: Assets/Sprites/Player Canvas
  artifactKey: Guid(d944f31560cd29545bec48c2d5559399) Importer(815301076,1909f56bfc062723c751e8b465ee728b)
Start importing Assets/Sprites/Player Canvas using Guid(d944f31560cd29545bec48c2d5559399) Importer(815301076,1909f56bfc062723c751e8b465ee728b)  -> (artifact id: '7b3807c2ade8623aedf977f0df1abb6c') in 0.006935 seconds 
  Import took 0.009719 seconds .

========================================================================
Received Import Request.
  Time since last request: 0.759503 seconds.
  path: Assets/Sprites/Player Canvas/Pg_Bar_Out.psd
  artifactKey: Guid(e9a9a8cfdf866db45850cca0c84515ab) Importer(815301076,1909f56bfc062723c751e8b465ee728b)
Start importing Assets/Sprites/Player Canvas/Pg_Bar_Out.psd using Guid(e9a9a8cfdf866db45850cca0c84515ab) Importer(815301076,1909f56bfc062723c751e8b465ee728b)  -> (artifact id: '291e2cb5ad410778a790db00c3c1f29f') in 0.029341 seconds 
  Import took 0.032842 seconds .

========================================================================
Received Import Request.
  Time since last request: 11.657436 seconds.
  path: Assets/Models/stickman_1.fbx
  artifactKey: Guid(e184ffab5a850394697ec38396621f36) Importer(815301076,1909f56bfc062723c751e8b465ee728b)
Start importing Assets/Models/stickman_1.fbx using Guid(e184ffab5a850394697ec38396621f36) Importer(815301076,1909f56bfc062723c751e8b465ee728b)  -> (artifact id: 'fd786ad39169711c0d6fed5d852f930b') in 0.028207 seconds 
  Import took 0.031276 seconds .

========================================================================
Received Import Request.
  Time since last request: 199.902462 seconds.
  path: Assets/Scripts/Gameplay/PlayerMovement.cs.private.0
  artifactKey: Guid(fcfae2b13d24b4f4ba405013253d10d3) Importer(815301076,1909f56bfc062723c751e8b465ee728b)
Start importing Assets/Scripts/Gameplay/PlayerMovement.cs.private.0 using Guid(fcfae2b13d24b4f4ba405013253d10d3) Importer(815301076,1909f56bfc062723c751e8b465ee728b)  -> (artifact id: 'd8d4224c6ddf0aa5f70eb5dc3023f376') in 0.011967 seconds 
  Import took 0.015260 seconds .

========================================================================
Received Import Request.
  Time since last request: 2.021196 seconds.
  path: Assets/Scripts/Gameplay/Player.cs.private.0
  artifactKey: Guid(7efcefabfe25466499670bf724733b08) Importer(815301076,1909f56bfc062723c751e8b465ee728b)
Start importing Assets/Scripts/Gameplay/Player.cs.private.0 using Guid(7efcefabfe25466499670bf724733b08) Importer(815301076,1909f56bfc062723c751e8b465ee728b)  -> (artifact id: '825e0ebd656385df2e2cc3cc25359254') in 0.006976 seconds 
  Import took 0.010148 seconds .

========================================================================
Received Import Request.
  Time since last request: 4.718515 seconds.
  path: Assets/Scripts/Gameplay/PlayerMovement.cs
  artifactKey: Guid(9c6076df18bc54a46a8c2c1ccad610b4) Importer(815301076,1909f56bfc062723c751e8b465ee728b)
Start importing Assets/Scripts/Gameplay/PlayerMovement.cs using Guid(9c6076df18bc54a46a8c2c1ccad610b4) Importer(815301076,1909f56bfc062723c751e8b465ee728b)  -> (artifact id: 'aa12536352935d8eb5ca49e471bba30e') in 0.011917 seconds 
  Import took 0.015274 seconds .

========================================================================
Received Prepare
Registering precompiled user dll's ...
Registered in 0.004839 seconds.
Begin MonoManager ReloadAssembly
Native extension for WindowsStandalone target not found
Refreshing native plugins compatible for Editor in 0.81 ms, found 2 plugins.
Preloading 0 native plugins for Editor in 0.00 ms.
Mono: successfully reloaded assembly
- Completed reload, in  1.293 seconds
Domain Reload Profiling:
	ReloadAssembly (1293ms)
		BeginReloadAssembly (138ms)
			ExecutionOrderSort (0ms)
			DisableScriptedObjects (8ms)
			BackupInstance (0ms)
			ReleaseScriptingObjects (0ms)
			CreateAndSetChildDomain (40ms)
		EndReloadAssembly (1078ms)
			LoadAssemblies (104ms)
			RebuildTransferFunctionScriptingTraits (0ms)
			SetupTypeCache (368ms)
			ReleaseScriptCaches (1ms)
			RebuildScriptCaches (57ms)
			SetupLoadedEditorAssemblies (411ms)
				LogAssemblyErrors (0ms)
				InitializePlatformSupportModulesInManaged (6ms)
				SetLoadedEditorAssemblies (1ms)
				RefreshPlugins (1ms)
				BeforeProcessingInitializeOnLoad (103ms)
				ProcessInitializeOnLoadAttributes (281ms)
				ProcessInitializeOnLoadMethodAttributes (6ms)
				AfterProcessingInitializeOnLoad (12ms)
				EditorAssembliesLoaded (0ms)
			ExecutionOrderSort2 (0ms)
			AwakeInstancesAfterBackupRestoration (9ms)
Platform modules already initialized, skipping
Refreshing native plugins compatible for Editor in 0.85 ms, found 2 plugins.
Preloading 0 native plugins for Editor in 0.00 ms.
Unloading 1742 Unused Serialized files (Serialized files now loaded: 0)
System memory in use before: 93.7 MB.
System memory in use after: 93.8 MB.

Unloading 16 unused Assets to reduce memory usage. Loaded Objects now: 2237.
Total: 5.658200 ms (FindLiveObjects: 0.870000 ms CreateObjectMapping: 0.246000 ms MarkObjects: 4.517000 ms  DeleteObjects: 0.023300 ms)

AssetImportParameters requested are different than current active one (requested -> active):
  custom:framework-win-MediaFoundation: 216162199b28c13a410421893ffa2e32 -> 
  custom:video-decoder-ogg-theora: a1e56fd34408186e4bbccfd4996cb3dc -> 
  custom:container-muxer-webm: aa71ff27fc2769a1b78a27578f13a17b -> 
  custom:container-demuxer-webm: 4f35f7cbe854078d1ac9338744f61a02 -> 
  custom:container-demuxer-ogg: 62fdf1f143b41e24485cea50d1cbac27 -> 
  custom:video-encoder-webm-vp8: eb34c28f22e8b96e1ab97ce403110664 -> 
  custom:video-decoder-webm-vp8: 9c59270c3fd7afecdb556c50c9e8de78 -> 
  custom:audio-decoder-ogg-vorbis: bf7c407c2cedff20999df2af8eb42d56 -> 
  custom:audio-encoder-webm-vorbis: bf7c407c2cedff20999df2af8eb42d56 -> 
AssetImportWorkerClient::OnTransportError - code=2 error=End of file
