Using pre-set license
Built from '2020.3/staging' branch; Version is '2020.3.19f1 (68f137dc9bbe) revision 6877495'; Using compiler version '192528614'; Build Type 'Release'
OS: 'Windows 10 Pro; OS build 19042.1466; Version 2009; 64bit' Language: 'tr' Physical Memory: 16333 MB
BatchMode: 1, IsHumanControllingUs: 0, StartBugReporterOnCrash: 0, Is64bit: 1, IsPro: 0

COMMAND LINE ARGUMENTS:
D:\Program Files (x86)\Unity\Hub\2020.3.19f1\Editor\Unity.exe
-adb2
-batchMode
-noUpm
-name
AssetImportWorker0
-projectPath
C:/Users/ataka/Documents/GitHub/SlenderRemake
-logFile
Logs/AssetImportWorker0.log
-srvPort
55208
Successfully changed project path to: C:/Users/ataka/Documents/GitHub/SlenderRemake
C:/Users/ataka/Documents/GitHub/SlenderRemake
Using Asset Import Pipeline V2.
Refreshing native plugins compatible for Editor in 38.82 ms, found 2 plugins.
Preloading 0 native plugins for Editor in 0.00 ms.
Initialize engine version: 2020.3.19f1 (68f137dc9bbe)
[Subsystems] Discovering subsystems at path D:/Program Files (x86)/Unity/Hub/2020.3.19f1/Editor/Data/Resources/UnitySubsystems
[Subsystems] Discovering subsystems at path C:/Users/ataka/Documents/GitHub/SlenderRemake/Assets
GfxDevice: creating device client; threaded=0
Direct3D:
    Version:  Direct3D 11.0 [level 11.1]
    Renderer: NVIDIA GeForce GTX 1660 Ti (ID=0x2182)
    Vendor:   
    VRAM:     5991 MB
    Driver:   30.0.15.1165
Initialize mono
Mono path[0] = 'D:/Program Files (x86)/Unity/Hub/2020.3.19f1/Editor/Data/Managed'
Mono path[1] = 'D:/Program Files (x86)/Unity/Hub/2020.3.19f1/Editor/Data/MonoBleedingEdge/lib/mono/unityjit'
Mono config path = 'D:/Program Files (x86)/Unity/Hub/2020.3.19f1/Editor/Data/MonoBleedingEdge/etc'
Using monoOptions --debugger-agent=transport=dt_socket,embedding=1,server=y,suspend=n,address=127.0.0.1:56828
Begin MonoManager ReloadAssembly
Registering precompiled unity dll's ...
Register platform support module: D:/Program Files (x86)/Unity/Hub/2020.3.19f1/Editor/Data/PlaybackEngines/WindowsStandaloneSupport/UnityEditor.WindowsStandalone.Extensions.dll
Registered in 0.001245 seconds.
Native extension for WindowsStandalone target not found
Refreshing native plugins compatible for Editor in 37.84 ms, found 2 plugins.
Preloading 0 native plugins for Editor in 0.00 ms.
Mono: successfully reloaded assembly
- Completed reload, in  1.015 seconds
Domain Reload Profiling:
	ReloadAssembly (1015ms)
		BeginReloadAssembly (52ms)
			ExecutionOrderSort (0ms)
			DisableScriptedObjects (0ms)
			BackupInstance (0ms)
			ReleaseScriptingObjects (0ms)
			CreateAndSetChildDomain (1ms)
		EndReloadAssembly (455ms)
			LoadAssemblies (51ms)
			RebuildTransferFunctionScriptingTraits (0ms)
			SetupTypeCache (158ms)
			ReleaseScriptCaches (0ms)
			RebuildScriptCaches (29ms)
			SetupLoadedEditorAssemblies (196ms)
				LogAssemblyErrors (0ms)
				InitializePlatformSupportModulesInManaged (4ms)
				SetLoadedEditorAssemblies (0ms)
				RefreshPlugins (38ms)
				BeforeProcessingInitializeOnLoad (21ms)
				ProcessInitializeOnLoadAttributes (102ms)
				ProcessInitializeOnLoadMethodAttributes (30ms)
				AfterProcessingInitializeOnLoad (0ms)
				EditorAssembliesLoaded (0ms)
			ExecutionOrderSort2 (0ms)
			AwakeInstancesAfterBackupRestoration (0ms)
Platform modules already initialized, skipping
Registering precompiled user dll's ...
Registered in 0.006392 seconds.
Begin MonoManager ReloadAssembly
Native extension for WindowsStandalone target not found
Refreshing native plugins compatible for Editor in 0.38 ms, found 2 plugins.
Preloading 0 native plugins for Editor in 0.00 ms.
Mono: successfully reloaded assembly
- Completed reload, in  1.122 seconds
Domain Reload Profiling:
	ReloadAssembly (1124ms)
		BeginReloadAssembly (169ms)
			ExecutionOrderSort (0ms)
			DisableScriptedObjects (12ms)
			BackupInstance (0ms)
			ReleaseScriptingObjects (0ms)
			CreateAndSetChildDomain (18ms)
		EndReloadAssembly (890ms)
			LoadAssemblies (90ms)
			RebuildTransferFunctionScriptingTraits (0ms)
			SetupTypeCache (305ms)
			ReleaseScriptCaches (0ms)
			RebuildScriptCaches (50ms)
			SetupLoadedEditorAssemblies (335ms)
				LogAssemblyErrors (0ms)
				InitializePlatformSupportModulesInManaged (5ms)
				SetLoadedEditorAssemblies (0ms)
				RefreshPlugins (0ms)
				BeforeProcessingInitializeOnLoad (86ms)
				ProcessInitializeOnLoadAttributes (236ms)
				ProcessInitializeOnLoadMethodAttributes (4ms)
				AfterProcessingInitializeOnLoad (3ms)
				EditorAssembliesLoaded (0ms)
			ExecutionOrderSort2 (0ms)
			AwakeInstancesAfterBackupRestoration (8ms)
Platform modules already initialized, skipping
========================================================================
Worker process is ready to serve import requests
Launched and connected shader compiler UnityShaderCompiler.exe after 0.04 seconds
Refreshing native plugins compatible for Editor in 0.63 ms, found 2 plugins.
Preloading 0 native plugins for Editor in 0.00 ms.
Unloading 1750 Unused Serialized files (Serialized files now loaded: 0)
System memory in use before: 76.8 MB.
System memory in use after: 76.9 MB.

Unloading 21 unused Assets to reduce memory usage. Loaded Objects now: 2187.
Total: 3.223400 ms (FindLiveObjects: 0.187300 ms CreateObjectMapping: 0.041300 ms MarkObjects: 2.922800 ms  DeleteObjects: 0.069900 ms)

AssetImportParameters requested are different than current active one (requested -> active):
  custom:framework-win-MediaFoundation: 216162199b28c13a410421893ffa2e32 -> 
  custom:video-decoder-ogg-theora: a1e56fd34408186e4bbccfd4996cb3dc -> 
  custom:container-muxer-webm: aa71ff27fc2769a1b78a27578f13a17b -> 
  custom:container-demuxer-webm: 4f35f7cbe854078d1ac9338744f61a02 -> 
  custom:container-demuxer-ogg: 62fdf1f143b41e24485cea50d1cbac27 -> 
  custom:video-encoder-webm-vp8: eb34c28f22e8b96e1ab97ce403110664 -> 
  custom:video-decoder-webm-vp8: 9c59270c3fd7afecdb556c50c9e8de78 -> 
  custom:audio-decoder-ogg-vorbis: bf7c407c2cedff20999df2af8eb42d56 -> 
  custom:audio-encoder-webm-vorbis: bf7c407c2cedff20999df2af8eb42d56 -> 
========================================================================
Received Import Request.
  path: Assets/Scenes/Atakan.unity
  artifactKey: Guid(9fc0d4010bbf28b4594072e72b8655ab) Importer(815301076,1909f56bfc062723c751e8b465ee728b)
Start importing Assets/Scenes/Atakan.unity using Guid(9fc0d4010bbf28b4594072e72b8655ab) Importer(815301076,1909f56bfc062723c751e8b465ee728b)  -> (artifact id: '566f0948e9307de9116ea21ebbfe4a34') in 0.014786 seconds 
  Import took 0.017528 seconds .

========================================================================
Received Import Request.
  Time since last request: 124.842469 seconds.
  path: Assets/Models/happy_face_texture.png
  artifactKey: Guid(cce8fbb78dd4e654c85ca07709e91068) Importer(815301076,1909f56bfc062723c751e8b465ee728b)
Start importing Assets/Models/happy_face_texture.png using Guid(cce8fbb78dd4e654c85ca07709e91068) Importer(815301076,1909f56bfc062723c751e8b465ee728b)  -> (artifact id: '55736de6eb784bae7d2c56e06d86bcc9') in 0.073778 seconds 
  Import took 0.076561 seconds .

========================================================================
Received Prepare
Registering precompiled user dll's ...
Registered in 0.004526 seconds.
Begin MonoManager ReloadAssembly
Native extension for WindowsStandalone target not found
Refreshing native plugins compatible for Editor in 0.40 ms, found 2 plugins.
Preloading 0 native plugins for Editor in 0.00 ms.
Mono: successfully reloaded assembly
- Completed reload, in  0.993 seconds
Domain Reload Profiling:
	ReloadAssembly (993ms)
		BeginReloadAssembly (118ms)
			ExecutionOrderSort (0ms)
			DisableScriptedObjects (5ms)
			BackupInstance (0ms)
			ReleaseScriptingObjects (0ms)
			CreateAndSetChildDomain (30ms)
		EndReloadAssembly (812ms)
			LoadAssemblies (95ms)
			RebuildTransferFunctionScriptingTraits (0ms)
			SetupTypeCache (274ms)
			ReleaseScriptCaches (1ms)
			RebuildScriptCaches (40ms)
			SetupLoadedEditorAssemblies (302ms)
				LogAssemblyErrors (0ms)
				InitializePlatformSupportModulesInManaged (5ms)
				SetLoadedEditorAssemblies (0ms)
				RefreshPlugins (0ms)
				BeforeProcessingInitializeOnLoad (77ms)
				ProcessInitializeOnLoadAttributes (212ms)
				ProcessInitializeOnLoadMethodAttributes (4ms)
				AfterProcessingInitializeOnLoad (3ms)
				EditorAssembliesLoaded (0ms)
			ExecutionOrderSort2 (0ms)
			AwakeInstancesAfterBackupRestoration (7ms)
Platform modules already initialized, skipping
Refreshing native plugins compatible for Editor in 0.43 ms, found 2 plugins.
Preloading 0 native plugins for Editor in 0.00 ms.
Unloading 1742 Unused Serialized files (Serialized files now loaded: 0)
System memory in use before: 76.6 MB.
System memory in use after: 76.7 MB.

Unloading 16 unused Assets to reduce memory usage. Loaded Objects now: 2191.
Total: 2.733400 ms (FindLiveObjects: 0.169200 ms CreateObjectMapping: 0.040500 ms MarkObjects: 2.507700 ms  DeleteObjects: 0.015000 ms)

AssetImportParameters requested are different than current active one (requested -> active):
  custom:framework-win-MediaFoundation: 216162199b28c13a410421893ffa2e32 -> 
  custom:video-decoder-ogg-theora: a1e56fd34408186e4bbccfd4996cb3dc -> 
  custom:container-muxer-webm: aa71ff27fc2769a1b78a27578f13a17b -> 
  custom:container-demuxer-webm: 4f35f7cbe854078d1ac9338744f61a02 -> 
  custom:container-demuxer-ogg: 62fdf1f143b41e24485cea50d1cbac27 -> 
  custom:video-encoder-webm-vp8: eb34c28f22e8b96e1ab97ce403110664 -> 
  custom:video-decoder-webm-vp8: 9c59270c3fd7afecdb556c50c9e8de78 -> 
  custom:audio-decoder-ogg-vorbis: bf7c407c2cedff20999df2af8eb42d56 -> 
  custom:audio-encoder-webm-vorbis: bf7c407c2cedff20999df2af8eb42d56 -> 
========================================================================
Received Import Request.
  Time since last request: 10.548374 seconds.
  path: Assets/Models/happy_face_texture.png
  artifactKey: Guid(cce8fbb78dd4e654c85ca07709e91068) Importer(815301076,1909f56bfc062723c751e8b465ee728b)
Start importing Assets/Models/happy_face_texture.png using Guid(cce8fbb78dd4e654c85ca07709e91068) Importer(815301076,1909f56bfc062723c751e8b465ee728b)  -> (artifact id: '0acf90dd1d456ecb473b861700cc04f3') in 0.070193 seconds 
  Import took 0.072766 seconds .

========================================================================
Received Prepare
Registering precompiled user dll's ...
Registered in 0.004620 seconds.
Begin MonoManager ReloadAssembly
Native extension for WindowsStandalone target not found
Refreshing native plugins compatible for Editor in 0.43 ms, found 2 plugins.
Preloading 0 native plugins for Editor in 0.00 ms.
Mono: successfully reloaded assembly
- Completed reload, in  1.018 seconds
Domain Reload Profiling:
	ReloadAssembly (1019ms)
		BeginReloadAssembly (105ms)
			ExecutionOrderSort (0ms)
			DisableScriptedObjects (5ms)
			BackupInstance (0ms)
			ReleaseScriptingObjects (0ms)
			CreateAndSetChildDomain (34ms)
		EndReloadAssembly (847ms)
			LoadAssemblies (92ms)
			RebuildTransferFunctionScriptingTraits (0ms)
			SetupTypeCache (287ms)
			ReleaseScriptCaches (1ms)
			RebuildScriptCaches (45ms)
			SetupLoadedEditorAssemblies (305ms)
				LogAssemblyErrors (0ms)
				InitializePlatformSupportModulesInManaged (5ms)
				SetLoadedEditorAssemblies (0ms)
				RefreshPlugins (0ms)
				BeforeProcessingInitializeOnLoad (80ms)
				ProcessInitializeOnLoadAttributes (210ms)
				ProcessInitializeOnLoadMethodAttributes (6ms)
				AfterProcessingInitializeOnLoad (3ms)
				EditorAssembliesLoaded (0ms)
			ExecutionOrderSort2 (0ms)
			AwakeInstancesAfterBackupRestoration (7ms)
Platform modules already initialized, skipping
Refreshing native plugins compatible for Editor in 0.40 ms, found 2 plugins.
Preloading 0 native plugins for Editor in 0.00 ms.
Unloading 1742 Unused Serialized files (Serialized files now loaded: 0)
System memory in use before: 79.7 MB.
System memory in use after: 79.8 MB.

Unloading 16 unused Assets to reduce memory usage. Loaded Objects now: 2198.
Total: 2.704800 ms (FindLiveObjects: 0.157000 ms CreateObjectMapping: 0.040200 ms MarkObjects: 2.492500 ms  DeleteObjects: 0.014200 ms)

AssetImportParameters requested are different than current active one (requested -> active):
  custom:framework-win-MediaFoundation: 216162199b28c13a410421893ffa2e32 -> 
  custom:video-decoder-ogg-theora: a1e56fd34408186e4bbccfd4996cb3dc -> 
  custom:container-muxer-webm: aa71ff27fc2769a1b78a27578f13a17b -> 
  custom:container-demuxer-webm: 4f35f7cbe854078d1ac9338744f61a02 -> 
  custom:container-demuxer-ogg: 62fdf1f143b41e24485cea50d1cbac27 -> 
  custom:video-encoder-webm-vp8: eb34c28f22e8b96e1ab97ce403110664 -> 
  custom:video-decoder-webm-vp8: 9c59270c3fd7afecdb556c50c9e8de78 -> 
  custom:audio-decoder-ogg-vorbis: bf7c407c2cedff20999df2af8eb42d56 -> 
  custom:audio-encoder-webm-vorbis: bf7c407c2cedff20999df2af8eb42d56 -> 
========================================================================
Received Import Request.
  Time since last request: 27.780690 seconds.
  path: Assets/Models/happy_face_texture.png
  artifactKey: Guid(cce8fbb78dd4e654c85ca07709e91068) Importer(815301076,1909f56bfc062723c751e8b465ee728b)
Start importing Assets/Models/happy_face_texture.png using Guid(cce8fbb78dd4e654c85ca07709e91068) Importer(815301076,1909f56bfc062723c751e8b465ee728b)  -> (artifact id: 'b909a151b3ed814efea1cb40272080ea') in 0.040283 seconds 
  Import took 0.042854 seconds .

========================================================================
Received Import Request.
  Time since last request: 5.580540 seconds.
  path: Assets/Models/happy_face_texture.png
  artifactKey: Guid(cce8fbb78dd4e654c85ca07709e91068) Importer(815301076,1909f56bfc062723c751e8b465ee728b)
Start importing Assets/Models/happy_face_texture.png using Guid(cce8fbb78dd4e654c85ca07709e91068) Importer(815301076,1909f56bfc062723c751e8b465ee728b)  -> (artifact id: 'bf682440d0e9fec0651ad72cf4397f7f') in 0.077756 seconds 
  Import took 0.080427 seconds .

========================================================================
Received Import Request.
  Time since last request: 4.829668 seconds.
  path: Assets/Models/happy_face_texture.png
  artifactKey: Guid(cce8fbb78dd4e654c85ca07709e91068) Importer(815301076,1909f56bfc062723c751e8b465ee728b)
Start importing Assets/Models/happy_face_texture.png using Guid(cce8fbb78dd4e654c85ca07709e91068) Importer(815301076,1909f56bfc062723c751e8b465ee728b)  -> (artifact id: '096ad91cdce39149d2eb1dada7a0f6dc') in 0.029257 seconds 
  Import took 0.032081 seconds .

========================================================================
Received Import Request.
  Time since last request: 8.259310 seconds.
  path: Assets/Models/happy_face_texture.png
  artifactKey: Guid(cce8fbb78dd4e654c85ca07709e91068) Importer(815301076,1909f56bfc062723c751e8b465ee728b)
Start importing Assets/Models/happy_face_texture.png using Guid(cce8fbb78dd4e654c85ca07709e91068) Importer(815301076,1909f56bfc062723c751e8b465ee728b)  -> (artifact id: 'd36ecc2092e825c5ce2b7693b30ccbcc') in 0.035226 seconds 
  Import took 0.037938 seconds .

========================================================================
Received Import Request.
  Time since last request: 5.968714 seconds.
  path: Assets/Models/happy_face_texture.png
  artifactKey: Guid(cce8fbb78dd4e654c85ca07709e91068) Importer(815301076,1909f56bfc062723c751e8b465ee728b)
Start importing Assets/Models/happy_face_texture.png using Guid(cce8fbb78dd4e654c85ca07709e91068) Importer(815301076,1909f56bfc062723c751e8b465ee728b)  -> (artifact id: 'c0d947c4f1c0f00e5f38e3c49fc5a516') in 0.013504 seconds 
  Import took 0.016703 seconds .

========================================================================
Received Import Request.
  Time since last request: 4.895707 seconds.
  path: Assets/Models/happy_face_texture.png
  artifactKey: Guid(cce8fbb78dd4e654c85ca07709e91068) Importer(815301076,1909f56bfc062723c751e8b465ee728b)
Start importing Assets/Models/happy_face_texture.png using Guid(cce8fbb78dd4e654c85ca07709e91068) Importer(815301076,1909f56bfc062723c751e8b465ee728b)  -> (artifact id: 'bd3d34cc988b9385bcf65f845a25f467') in 0.019655 seconds 
  Import took 0.022388 seconds .

========================================================================
Received Import Request.
  Time since last request: 2.758506 seconds.
  path: Assets/Models/happy_face_texture.png
  artifactKey: Guid(cce8fbb78dd4e654c85ca07709e91068) Importer(815301076,1909f56bfc062723c751e8b465ee728b)
Start importing Assets/Models/happy_face_texture.png using Guid(cce8fbb78dd4e654c85ca07709e91068) Importer(815301076,1909f56bfc062723c751e8b465ee728b)  -> (artifact id: '573af5c6de49f0a08f6b1afeeb023a3c') in 0.016331 seconds 
  Import took 0.019120 seconds .

========================================================================
Received Import Request.
  Time since last request: 9.509415 seconds.
  path: Assets/Models/happy_face_texture.png
  artifactKey: Guid(cce8fbb78dd4e654c85ca07709e91068) Importer(815301076,1909f56bfc062723c751e8b465ee728b)
Start importing Assets/Models/happy_face_texture.png using Guid(cce8fbb78dd4e654c85ca07709e91068) Importer(815301076,1909f56bfc062723c751e8b465ee728b)  -> (artifact id: '38eb2c6d93c1ad2e84d110f4587b7168') in 0.023981 seconds 
  Import took 0.026673 seconds .

========================================================================
Received Import Request.
  Time since last request: 17.985376 seconds.
  path: Assets/Models/stickman_1.fbx
  artifactKey: Guid(e184ffab5a850394697ec38396621f36) Importer(815301076,1909f56bfc062723c751e8b465ee728b)
Start importing Assets/Models/stickman_1.fbx using Guid(e184ffab5a850394697ec38396621f36) Importer(815301076,1909f56bfc062723c751e8b465ee728b)  -> (artifact id: '132bb9dc18707f5a390de6338e40709a') in 0.127148 seconds 
  Import took 0.130964 seconds .

========================================================================
Received Import Request.
  Time since last request: 3.899774 seconds.
  path: Assets/Models/slender_run_palette.psd
  artifactKey: Guid(c5299c92e1a90604489e75e391bbaef9) Importer(815301076,1909f56bfc062723c751e8b465ee728b)
Start importing Assets/Models/slender_run_palette.psd using Guid(c5299c92e1a90604489e75e391bbaef9) Importer(815301076,1909f56bfc062723c751e8b465ee728b)  -> (artifact id: '092484211d2f712ca2fc18c58a3ec1bc') in 0.011987 seconds 
  Import took 0.014745 seconds .

========================================================================
Received Prepare
Registering precompiled user dll's ...
Registered in 0.004685 seconds.
Begin MonoManager ReloadAssembly
Native extension for WindowsStandalone target not found
Refreshing native plugins compatible for Editor in 0.40 ms, found 2 plugins.
Preloading 0 native plugins for Editor in 0.00 ms.
Mono: successfully reloaded assembly
- Completed reload, in  1.035 seconds
Domain Reload Profiling:
	ReloadAssembly (1035ms)
		BeginReloadAssembly (111ms)
			ExecutionOrderSort (0ms)
			DisableScriptedObjects (4ms)
			BackupInstance (0ms)
			ReleaseScriptingObjects (0ms)
			CreateAndSetChildDomain (36ms)
		EndReloadAssembly (864ms)
			LoadAssemblies (95ms)
			RebuildTransferFunctionScriptingTraits (0ms)
			SetupTypeCache (300ms)
			ReleaseScriptCaches (1ms)
			RebuildScriptCaches (41ms)
			SetupLoadedEditorAssemblies (322ms)
				LogAssemblyErrors (0ms)
				InitializePlatformSupportModulesInManaged (5ms)
				SetLoadedEditorAssemblies (0ms)
				RefreshPlugins (0ms)
				BeforeProcessingInitializeOnLoad (73ms)
				ProcessInitializeOnLoadAttributes (235ms)
				ProcessInitializeOnLoadMethodAttributes (4ms)
				AfterProcessingInitializeOnLoad (3ms)
				EditorAssembliesLoaded (0ms)
			ExecutionOrderSort2 (0ms)
			AwakeInstancesAfterBackupRestoration (7ms)
Platform modules already initialized, skipping
Refreshing native plugins compatible for Editor in 0.39 ms, found 2 plugins.
Preloading 0 native plugins for Editor in 0.00 ms.
Unloading 1742 Unused Serialized files (Serialized files now loaded: 0)
System memory in use before: 93.7 MB.
System memory in use after: 93.9 MB.

Unloading 16 unused Assets to reduce memory usage. Loaded Objects now: 2248.
Total: 2.836400 ms (FindLiveObjects: 0.170000 ms CreateObjectMapping: 0.041300 ms MarkObjects: 2.605300 ms  DeleteObjects: 0.018900 ms)

AssetImportParameters requested are different than current active one (requested -> active):
  custom:framework-win-MediaFoundation: 216162199b28c13a410421893ffa2e32 -> 
  custom:video-decoder-ogg-theora: a1e56fd34408186e4bbccfd4996cb3dc -> 
  custom:container-muxer-webm: aa71ff27fc2769a1b78a27578f13a17b -> 
  custom:container-demuxer-webm: 4f35f7cbe854078d1ac9338744f61a02 -> 
  custom:container-demuxer-ogg: 62fdf1f143b41e24485cea50d1cbac27 -> 
  custom:video-encoder-webm-vp8: eb34c28f22e8b96e1ab97ce403110664 -> 
  custom:video-decoder-webm-vp8: 9c59270c3fd7afecdb556c50c9e8de78 -> 
  custom:audio-decoder-ogg-vorbis: bf7c407c2cedff20999df2af8eb42d56 -> 
  custom:audio-encoder-webm-vorbis: bf7c407c2cedff20999df2af8eb42d56 -> 
========================================================================
Received Import Request.
  Time since last request: 121.570168 seconds.
  path: Assets/Models/score_cube.fbx
  artifactKey: Guid(e6ca89c5780a9254999fe93b0e9e4d1a) Importer(815301076,1909f56bfc062723c751e8b465ee728b)
Start importing Assets/Models/score_cube.fbx using Guid(e6ca89c5780a9254999fe93b0e9e4d1a) Importer(815301076,1909f56bfc062723c751e8b465ee728b)  -> (artifact id: '4bcd94a2f894b470f23778dedcb6345b') in 0.089394 seconds 
  Import took 0.092676 seconds .

========================================================================
Received Import Request.
  Time since last request: 3120.777267 seconds.
  path: Assets/Scripts
  artifactKey: Guid(cacfddb1f9d64b146ae3a2c3d264ecd3) Importer(815301076,1909f56bfc062723c751e8b465ee728b)
Start importing Assets/Scripts using Guid(cacfddb1f9d64b146ae3a2c3d264ecd3) Importer(815301076,1909f56bfc062723c751e8b465ee728b)  -> (artifact id: '6f2a89d2f67d1076026474f0fcfe74ad') in 0.003598 seconds 
  Import took 0.006508 seconds .

========================================================================
Received Import Request.
  Time since last request: 45.195690 seconds.
  path: Assets/Models/environment.fbx
  artifactKey: Guid(aa8d40643af019c4f8f1c917fe987060) Importer(815301076,1909f56bfc062723c751e8b465ee728b)
Start importing Assets/Models/environment.fbx using Guid(aa8d40643af019c4f8f1c917fe987060) Importer(815301076,1909f56bfc062723c751e8b465ee728b)  -> (artifact id: 'ea51d7fdb59fe48d765d3464dfb4b05c') in 0.079931 seconds 
  Import took 0.082800 seconds .

========================================================================
Received Import Request.
  Time since last request: 389.853033 seconds.
  path: Assets/Models/baby_armature.fbx
  artifactKey: Guid(a76b89d55183ffd48bbbb76e20c41363) Importer(815301076,1909f56bfc062723c751e8b465ee728b)
Start importing Assets/Models/baby_armature.fbx using Guid(a76b89d55183ffd48bbbb76e20c41363) Importer(815301076,1909f56bfc062723c751e8b465ee728b)  -> (artifact id: '5aa95d9ca875e2835c54e09922b1b973') in 0.034116 seconds 
  Import took 0.037181 seconds .

========================================================================
Received Prepare
Registering precompiled user dll's ...
Registered in 0.004923 seconds.
Begin MonoManager ReloadAssembly
Native extension for WindowsStandalone target not found
Refreshing native plugins compatible for Editor in 0.41 ms, found 2 plugins.
Preloading 0 native plugins for Editor in 0.00 ms.
Mono: successfully reloaded assembly
- Completed reload, in  1.040 seconds
Domain Reload Profiling:
	ReloadAssembly (1041ms)
		BeginReloadAssembly (122ms)
			ExecutionOrderSort (0ms)
			DisableScriptedObjects (4ms)
			BackupInstance (0ms)
			ReleaseScriptingObjects (0ms)
			CreateAndSetChildDomain (31ms)
		EndReloadAssembly (854ms)
			LoadAssemblies (99ms)
			RebuildTransferFunctionScriptingTraits (0ms)
			SetupTypeCache (313ms)
			ReleaseScriptCaches (1ms)
			RebuildScriptCaches (44ms)
			SetupLoadedEditorAssemblies (298ms)
				LogAssemblyErrors (0ms)
				InitializePlatformSupportModulesInManaged (5ms)
				SetLoadedEditorAssemblies (0ms)
				RefreshPlugins (0ms)
				BeforeProcessingInitializeOnLoad (75ms)
				ProcessInitializeOnLoadAttributes (210ms)
				ProcessInitializeOnLoadMethodAttributes (4ms)
				AfterProcessingInitializeOnLoad (3ms)
				EditorAssembliesLoaded (0ms)
			ExecutionOrderSort2 (0ms)
			AwakeInstancesAfterBackupRestoration (10ms)
Platform modules already initialized, skipping
Refreshing native plugins compatible for Editor in 0.40 ms, found 2 plugins.
Preloading 0 native plugins for Editor in 0.00 ms.
Unloading 1742 Unused Serialized files (Serialized files now loaded: 0)
System memory in use before: 93.8 MB.
System memory in use after: 93.9 MB.

Unloading 16 unused Assets to reduce memory usage. Loaded Objects now: 2251.
Total: 2.825600 ms (FindLiveObjects: 0.182600 ms CreateObjectMapping: 0.043400 ms MarkObjects: 2.583400 ms  DeleteObjects: 0.015200 ms)

AssetImportParameters requested are different than current active one (requested -> active):
  custom:framework-win-MediaFoundation: 216162199b28c13a410421893ffa2e32 -> 
  custom:video-decoder-ogg-theora: a1e56fd34408186e4bbccfd4996cb3dc -> 
  custom:container-muxer-webm: aa71ff27fc2769a1b78a27578f13a17b -> 
  custom:container-demuxer-webm: 4f35f7cbe854078d1ac9338744f61a02 -> 
  custom:container-demuxer-ogg: 62fdf1f143b41e24485cea50d1cbac27 -> 
  custom:video-encoder-webm-vp8: eb34c28f22e8b96e1ab97ce403110664 -> 
  custom:video-decoder-webm-vp8: 9c59270c3fd7afecdb556c50c9e8de78 -> 
  custom:audio-decoder-ogg-vorbis: bf7c407c2cedff20999df2af8eb42d56 -> 
  custom:audio-encoder-webm-vorbis: bf7c407c2cedff20999df2af8eb42d56 -> 
========================================================================
Received Import Request.
  Time since last request: 24.485763 seconds.
  path: Assets/Models
  artifactKey: Guid(e47fe356d1315544f9e7f6a9b0980772) Importer(815301076,1909f56bfc062723c751e8b465ee728b)
Start importing Assets/Models using Guid(e47fe356d1315544f9e7f6a9b0980772) Importer(815301076,1909f56bfc062723c751e8b465ee728b)  -> (artifact id: 'ecd04b4ade28f8c8994207f9bca93f31') in 0.006044 seconds 
  Import took 0.008725 seconds .

========================================================================
Received Import Request.
  Time since last request: 4.155763 seconds.
  path: Assets/Models/Enemies
  artifactKey: Guid(2a91bf7f490279a418024cddef14a0f5) Importer(815301076,1909f56bfc062723c751e8b465ee728b)
Start importing Assets/Models/Enemies using Guid(2a91bf7f490279a418024cddef14a0f5) Importer(815301076,1909f56bfc062723c751e8b465ee728b)  -> (artifact id: 'ebad6bea3d3fe4c61ecc58f2840f1a26') in 0.003227 seconds 
  Import took 0.005899 seconds .

========================================================================
Received Import Request.
  Time since last request: 18.533021 seconds.
  path: Assets/Models/Stickmen
  artifactKey: Guid(2a91bf7f490279a418024cddef14a0f5) Importer(815301076,1909f56bfc062723c751e8b465ee728b)
Start importing Assets/Models/Stickmen using Guid(2a91bf7f490279a418024cddef14a0f5) Importer(815301076,1909f56bfc062723c751e8b465ee728b)  -> (artifact id: '22cf234c215a60178d3c2ba04c983cb1') in 0.003233 seconds 
  Import took 0.005915 seconds .

========================================================================
Received Prepare
Registering precompiled user dll's ...
Registered in 0.004660 seconds.
Begin MonoManager ReloadAssembly
Native extension for WindowsStandalone target not found
Refreshing native plugins compatible for Editor in 0.40 ms, found 2 plugins.
Preloading 0 native plugins for Editor in 0.00 ms.
Mono: successfully reloaded assembly
- Completed reload, in  1.083 seconds
Domain Reload Profiling:
	ReloadAssembly (1084ms)
		BeginReloadAssembly (139ms)
			ExecutionOrderSort (0ms)
			DisableScriptedObjects (7ms)
			BackupInstance (0ms)
			ReleaseScriptingObjects (0ms)
			CreateAndSetChildDomain (40ms)
		EndReloadAssembly (851ms)
			LoadAssemblies (101ms)
			RebuildTransferFunctionScriptingTraits (0ms)
			SetupTypeCache (299ms)
			ReleaseScriptCaches (1ms)
			RebuildScriptCaches (42ms)
			SetupLoadedEditorAssemblies (310ms)
				LogAssemblyErrors (0ms)
				InitializePlatformSupportModulesInManaged (5ms)
				SetLoadedEditorAssemblies (0ms)
				RefreshPlugins (0ms)
				BeforeProcessingInitializeOnLoad (76ms)
				ProcessInitializeOnLoadAttributes (221ms)
				ProcessInitializeOnLoadMethodAttributes (4ms)
				AfterProcessingInitializeOnLoad (3ms)
				EditorAssembliesLoaded (0ms)
			ExecutionOrderSort2 (0ms)
			AwakeInstancesAfterBackupRestoration (8ms)
Platform modules already initialized, skipping
Refreshing native plugins compatible for Editor in 0.41 ms, found 2 plugins.
Preloading 0 native plugins for Editor in 0.00 ms.
Unloading 1742 Unused Serialized files (Serialized files now loaded: 0)
System memory in use before: 93.8 MB.
System memory in use after: 93.9 MB.

Unloading 16 unused Assets to reduce memory usage. Loaded Objects now: 2253.
Total: 3.028700 ms (FindLiveObjects: 0.210500 ms CreateObjectMapping: 0.043500 ms MarkObjects: 2.756700 ms  DeleteObjects: 0.017000 ms)

AssetImportParameters requested are different than current active one (requested -> active):
  custom:framework-win-MediaFoundation: 216162199b28c13a410421893ffa2e32 -> 
  custom:video-decoder-ogg-theora: a1e56fd34408186e4bbccfd4996cb3dc -> 
  custom:container-muxer-webm: aa71ff27fc2769a1b78a27578f13a17b -> 
  custom:container-demuxer-webm: 4f35f7cbe854078d1ac9338744f61a02 -> 
  custom:container-demuxer-ogg: 62fdf1f143b41e24485cea50d1cbac27 -> 
  custom:video-encoder-webm-vp8: eb34c28f22e8b96e1ab97ce403110664 -> 
  custom:video-decoder-webm-vp8: 9c59270c3fd7afecdb556c50c9e8de78 -> 
  custom:audio-decoder-ogg-vorbis: bf7c407c2cedff20999df2af8eb42d56 -> 
  custom:audio-encoder-webm-vorbis: bf7c407c2cedff20999df2af8eb42d56 -> 
========================================================================
Received Import Request.
  Time since last request: 132.138154 seconds.
  path: Assets/Models/slender_run_palette 1.psd
  artifactKey: Guid(795fb0ae47890a6408a6c0295b23fb85) Importer(815301076,1909f56bfc062723c751e8b465ee728b)
Start importing Assets/Models/slender_run_palette 1.psd using Guid(795fb0ae47890a6408a6c0295b23fb85) Importer(815301076,1909f56bfc062723c751e8b465ee728b)  -> (artifact id: '67bd462f5e8c845038a12d9017c6a388') in 0.033877 seconds 
  Import took 0.036691 seconds .

========================================================================
Received Import Request.
  Time since last request: 2.352226 seconds.
  path: Assets/Models/score_cube 1.fbx
  artifactKey: Guid(5653b1f3f396ae242962e19ea8fc386e) Importer(815301076,1909f56bfc062723c751e8b465ee728b)
Start importing Assets/Models/score_cube 1.fbx using Guid(5653b1f3f396ae242962e19ea8fc386e) Importer(815301076,1909f56bfc062723c751e8b465ee728b)  -> (artifact id: '31445ab1e236738edcba046af57081fa') in 0.095711 seconds 
  Import took 0.099868 seconds .

========================================================================
Received Import Request.
  Time since last request: 2.722428 seconds.
  path: Assets/Models/monster_armature 1.fbx
  artifactKey: Guid(70047159db4f5874598fc3b48b701adb) Importer(815301076,1909f56bfc062723c751e8b465ee728b)
Start importing Assets/Models/monster_armature 1.fbx using Guid(70047159db4f5874598fc3b48b701adb) Importer(815301076,1909f56bfc062723c751e8b465ee728b)  -> (artifact id: '0cc88a35b8ee12ccc5b63158f4932ba3') in 0.033089 seconds 
  Import took 0.036075 seconds .

========================================================================
Received Import Request.
  Time since last request: 1.181388 seconds.
  path: Assets/Models/monster_armature.fbx
  artifactKey: Guid(d95f43cb5aa2a4c4c974d65ac61c9010) Importer(815301076,1909f56bfc062723c751e8b465ee728b)
Start importing Assets/Models/monster_armature.fbx using Guid(d95f43cb5aa2a4c4c974d65ac61c9010) Importer(815301076,1909f56bfc062723c751e8b465ee728b)  -> (artifact id: '6e06376cc4141054dc6521f06a5976b6') in 0.029915 seconds 
  Import took 0.032798 seconds .

========================================================================
Received Import Request.
  Time since last request: 4.182410 seconds.
  path: Assets/Models/horrible_armature 1.fbx
  artifactKey: Guid(c5bdd3dc71e71ca488a8074321a8c352) Importer(815301076,1909f56bfc062723c751e8b465ee728b)
Start importing Assets/Models/horrible_armature 1.fbx using Guid(c5bdd3dc71e71ca488a8074321a8c352) Importer(815301076,1909f56bfc062723c751e8b465ee728b)  -> (artifact id: '6d852c39514dd668227b35d72dc3aecc') in 0.024263 seconds 
  Import took 0.027222 seconds .

========================================================================
Received Import Request.
  Time since last request: 0.846569 seconds.
  path: Assets/Models/environment.fbx
  artifactKey: Guid(aa8d40643af019c4f8f1c917fe987060) Importer(815301076,1909f56bfc062723c751e8b465ee728b)
Start importing Assets/Models/environment.fbx using Guid(aa8d40643af019c4f8f1c917fe987060) Importer(815301076,1909f56bfc062723c751e8b465ee728b)  -> (artifact id: '100b148cce290ff761928c928e51c2fa') in 0.058211 seconds 
  Import took 0.061082 seconds .

========================================================================
Received Import Request.
  Time since last request: 0.281724 seconds.
  path: Assets/Models/freaky_armature 1.fbx
  artifactKey: Guid(98bde278ebd27a84a99061e529bdacc7) Importer(815301076,1909f56bfc062723c751e8b465ee728b)
Start importing Assets/Models/freaky_armature 1.fbx using Guid(98bde278ebd27a84a99061e529bdacc7) Importer(815301076,1909f56bfc062723c751e8b465ee728b)  -> (artifact id: '9cadd9f632c8e358d5ae433110b408f6') in 0.024694 seconds 
  Import took 0.027561 seconds .

========================================================================
Received Import Request.
  Time since last request: 1.119200 seconds.
  path: Assets/Models/collectable 1.fbx
  artifactKey: Guid(de675f56dc8060a408a7888938a7ed4d) Importer(815301076,1909f56bfc062723c751e8b465ee728b)
Start importing Assets/Models/collectable 1.fbx using Guid(de675f56dc8060a408a7888938a7ed4d) Importer(815301076,1909f56bfc062723c751e8b465ee728b)  -> (artifact id: '4a68208ef2653c89f8606a8722c2c8f7') in 0.030388 seconds 
  Import took 0.033206 seconds .

========================================================================
Received Import Request.
  Time since last request: 0.986254 seconds.
  path: Assets/Models/collectable.fbx
  artifactKey: Guid(e2340dae2d5896541acc30c42f1d75f5) Importer(815301076,1909f56bfc062723c751e8b465ee728b)
Start importing Assets/Models/collectable.fbx using Guid(e2340dae2d5896541acc30c42f1d75f5) Importer(815301076,1909f56bfc062723c751e8b465ee728b)  -> (artifact id: 'c1f0b56ccfa1876c4d6daa8330db8060') in 0.040728 seconds 
  Import took 0.045051 seconds .

========================================================================
Received Import Request.
  Time since last request: 3.412752 seconds.
  path: Assets/Models/happy_face_texture 1.png
  artifactKey: Guid(fb27ff0a8ff96524093b70b2af633eba) Importer(815301076,1909f56bfc062723c751e8b465ee728b)
Start importing Assets/Models/happy_face_texture 1.png using Guid(fb27ff0a8ff96524093b70b2af633eba) Importer(815301076,1909f56bfc062723c751e8b465ee728b)  -> (artifact id: '0d9702162b272162aac4a60d07b3bc82') in 0.007483 seconds 
  Import took 0.010232 seconds .

========================================================================
Received Import Request.
  Time since last request: 3.814326 seconds.
  path: Assets/Models/baby_armature 1.fbx
  artifactKey: Guid(062fff6bf12b4bf4983b1fda3af593aa) Importer(815301076,1909f56bfc062723c751e8b465ee728b)
Start importing Assets/Models/baby_armature 1.fbx using Guid(062fff6bf12b4bf4983b1fda3af593aa) Importer(815301076,1909f56bfc062723c751e8b465ee728b)  -> (artifact id: 'f577a302b6fb6e3db59275a783c568da') in 0.031668 seconds 
  Import took 0.036230 seconds .

========================================================================
Received Import Request.
  Time since last request: 4.370967 seconds.
  path: Assets/Models/environment 1.fbx
  artifactKey: Guid(85aa711119c14934eb8a12137997fede) Importer(815301076,1909f56bfc062723c751e8b465ee728b)
Start importing Assets/Models/environment 1.fbx using Guid(85aa711119c14934eb8a12137997fede) Importer(815301076,1909f56bfc062723c751e8b465ee728b)  -> (artifact id: '2a09803a7b75a6f236f4d9501acfcfc6') in 0.059417 seconds 
  Import took 0.062174 seconds .

========================================================================
Received Import Request.
  Time since last request: 2.676252 seconds.
  path: Assets/Models/freaky_armature.fbx
  artifactKey: Guid(9e18216df92c4d447be2c114d2945b37) Importer(815301076,1909f56bfc062723c751e8b465ee728b)
Start importing Assets/Models/freaky_armature.fbx using Guid(9e18216df92c4d447be2c114d2945b37) Importer(815301076,1909f56bfc062723c751e8b465ee728b)  -> (artifact id: 'ba8dca5b76966648df5a097d39b4ff2d') in 0.030190 seconds 
  Import took 0.033447 seconds .

========================================================================
Received Import Request.
  Time since last request: 1.790202 seconds.
  path: Assets/Models/horrible_armature.fbx
  artifactKey: Guid(05a1199b74b01e14bac0b12d38b943db) Importer(815301076,1909f56bfc062723c751e8b465ee728b)
Start importing Assets/Models/horrible_armature.fbx using Guid(05a1199b74b01e14bac0b12d38b943db) Importer(815301076,1909f56bfc062723c751e8b465ee728b)  -> (artifact id: 'ddaec26730f17891c7bbc4ed6dc8b49a') in 0.031267 seconds 
  Import took 0.034142 seconds .

========================================================================
Received Import Request.
  Time since last request: 0.712923 seconds.
  path: Assets/Models/mask.fbx
  artifactKey: Guid(8b6b580f940d65840a556254f6789c12) Importer(815301076,1909f56bfc062723c751e8b465ee728b)
Start importing Assets/Models/mask.fbx using Guid(8b6b580f940d65840a556254f6789c12) Importer(815301076,1909f56bfc062723c751e8b465ee728b)  -> (artifact id: 'ee0d7e15ec9e9aa7b55f7503dd81f1e6') in 0.039785 seconds 
  Import took 0.042859 seconds .

========================================================================
Received Import Request.
  Time since last request: 2.535647 seconds.
  path: Assets/Models/obstacle.fbx
  artifactKey: Guid(bb3e23a3d5e7a054ea2ffd03853c8691) Importer(815301076,1909f56bfc062723c751e8b465ee728b)
Start importing Assets/Models/obstacle.fbx using Guid(bb3e23a3d5e7a054ea2ffd03853c8691) Importer(815301076,1909f56bfc062723c751e8b465ee728b)  -> (artifact id: 'c8edd8c8061c8398a2ee76d2851de70b') in 0.060024 seconds 
  Import took 0.064435 seconds .

========================================================================
Received Import Request.
  Time since last request: 1.510395 seconds.
  path: Assets/Models/obtacle.fbx
  artifactKey: Guid(8fe07f1a29d480d49bba9d5ee82fa116) Importer(815301076,1909f56bfc062723c751e8b465ee728b)
Start importing Assets/Models/obtacle.fbx using Guid(8fe07f1a29d480d49bba9d5ee82fa116) Importer(815301076,1909f56bfc062723c751e8b465ee728b)  -> (artifact id: 'e764e44ecec89c138605a8a6b0646f91') in 0.044393 seconds 
  Import took 0.047212 seconds .

